<?xml version="1.0" encoding="UTF-8"?>
<!-- Generated by org.testng.reporters.JUnitReportReporter -->
<testsuite hostname="DESKTOP-TDT0DRD" failures="0" tests="2" name="POC2RestAssured.NewTest" time="3.300" errors="0" timestamp="2020-12-11T15:44:57 IST" skipped="0">
  <testcase classname="POC2RestAssured.NewTest" name="getUser" time="3.292"/>
  <system-out/>
  <testcase classname="POC2RestAssured.NewTest" name="getAnotherUser" time="0.008"/>
  <system-out/>
</testsuite> <!-- POC2RestAssured.NewTest -->
